[debug] [2022-03-04T03:33:04.166Z] ----------------------------------------------------------------------
[debug] [2022-03-04T03:33:04.169Z] Command:       C:\Program Files\nodejs\node.exe C:\Users\MOSHIUR-PC\AppData\Roaming\npm\node_modules\firebase-tools\lib\bin\firebase.js init
[debug] [2022-03-04T03:33:04.171Z] CLI Version:   10.2.1
[debug] [2022-03-04T03:33:04.171Z] Platform:      win32
[debug] [2022-03-04T03:33:04.171Z] Node Version:  v16.13.2
[debug] [2022-03-04T03:33:04.188Z] Time:          Fri Mar 04 2022 09:33:04 GMT+0600 (Bangladesh Standard Time)
[debug] [2022-03-04T03:33:04.189Z] ----------------------------------------------------------------------
[debug] 
[debug] [2022-03-04T03:33:04.340Z] > command requires scopes: ["email","openid","https://www.googleapis.com/auth/cloudplatformprojects.readonly","https://www.googleapis.com/auth/firebase","https://www.googleapis.com/auth/cloud-platform"]
[debug] [2022-03-04T03:33:04.344Z] > authorizing via signed-in user (moshiur9185@gmail.com)
[info] 
     ######## #### ########  ######## ########     ###     ######  ########
     ##        ##  ##     ## ##       ##     ##  ##   ##  ##       ##
     ######    ##  ########  ######   ########  #########  ######  ######
     ##        ##  ##    ##  ##       ##     ## ##     ##       ## ##
     ##       #### ##     ## ######## ########  ##     ##  ######  ########

You're about to initialize a Firebase project in this directory:

  C:\WebDevReact2\project\MR-SHOPPING

Before we get started, keep in mind:

  * You are currently outside your home directory
  * You are initializing within an existing Firebase project directory

